#
# A fatal error has been detected by the Java Runtime Environment:
#
#  EXCEPTION_ACCESS_VIOLATION (0xc0000005) at pc=0x00007ffb9a49df03, pid=14604, tid=18372
#
# JRE version: OpenJDK Runtime Environment JBR-11.0.10.9-1341.41-dcevm (11.0.10+9) (build 11.0.10+9-b1341.41)
# Java VM: Dynamic Code Evolution 64-Bit Server VM JBR-11.0.10.9-1341.41-dcevm (11.0.10+9-b1341.41, mixed mode, tiered, compressed oops, g1 gc, windows-amd64)
# Problematic frame:
# V  [jvm.dll+0xbdf03]
#
# No core dump will be written. Minidumps are not enabled by default on client versions of Windows
#
# If you would like to submit a bug report, please visit:
#   https://bugreport.java.com/bugreport/crash.jsp
# The crash happened outside the Java Virtual Machine in native code.
# See problematic frame for where to report the bug.
#

---------------  S U M M A R Y ------------

Command Line: exit -Xms128m -Xmx1013m -XX:ReservedCodeCacheSize=512m -XX:+UseG1GC -XX:SoftRefLRUPolicyMSPerMB=50 -XX:CICompilerCount=2 -XX:+HeapDumpOnOutOfMemoryError -XX:-OmitStackTraceInFastThrow -ea -Dsun.io.useCanonCaches=false -Djdk.http.auth.tunneling.disabledSchemes="" -Djdk.attach.allowAttachSelf=true -Djdk.module.illegalAccess.silent=true -Dkotlinx.coroutines.debug=off -Djb.vmOptionsFile=C:\Users\sonyj\AppData\Roaming\JetBrains\PyCharmCE2021.1\pycharm64.exe.vmoptions -Djava.library.path=C:\Program Files\JetBrains\PyCharm Community Edition 2021.1.1\jbr\\bin;C:\Program Files\JetBrains\PyCharm Community Edition 2021.1.1\jbr\\bin\server -Didea.platform.prefix=PyCharmCore -Dide.native.launcher=true -Didea.vendor.name=JetBrains -Didea.paths.selector=PyCharmCE2021.1 -XX:ErrorFile=C:\Users\sonyj\java_error_in_pycharm64_%p.log -XX:HeapDumpPath=C:\Users\sonyj\java_error_in_pycharm64.hprof 

Host: Intel(R) Core(TM) i5-7300U CPU @ 2.60GHz, 4 cores, 7G,  Windows 10 , 64 bit Build 19041 (10.0.19041.928)
Time: Wed May 26 10:28:43 2021 W. Europe Summer Time elapsed time: 0.318017 seconds (0d 0h 0m 0s)

---------------  T H R E A D  ---------------

Current thread (0x0000000001fa0800):  JavaThread "main" [_thread_in_native, id=18372, stack(0x0000000000050000,0x0000000000150000)]

Stack: [0x0000000000050000,0x0000000000150000],  sp=0x000000000014d7e8,  free space=1013k
Native frames: (J=compiled Java code, j=interpreted, Vv=VM code, C=native code)
V  [jvm.dll+0xbdf03]

Java frames: (J=compiled Java code, j=interpreted, Vv=VM code)

[error occurred during error reporting (printing Java stack), id 0xc0000005, EXCEPTION_ACCESS_VIOLATION (0xc0000005) at pc=0x00007ffb9a98ef40]


siginfo: EXCEPTION_ACCESS_VIOLATION (0xc0000005), reading address 0x0000000000000028


Register to memory mapping:

RIP=0x00007ffb9a49df03 jvm.dll
RAX=0x00000000004e0000 points into unknown readable memory: 0x0000000000000000 | 00 00 00 00 00 00 00 00
RBX=0x000000002cebf5e8 points into unknown readable memory: 0x0000000000000018 | 18 00 00 00 00 00 00 00
RCX=0x0 is NULL
RDX=0x00000000004e0000 points into unknown readable memory: 0x0000000000000000 | 00 00 00 00 00 00 00 00
RSP=0x000000000014d7e8 is pointing into the stack for thread: 0x0000000001fa0800
RBP=0x000000000207e910 points into unknown readable memory: 0x00000000c882a9b8 | b8 a9 82 c8 00 00 00 00
RSI=0x0 is NULL
RDI=0x0000000001fa0800 is a thread
R8 =0x0000000000000005 is an unknown value
R9 =0x0 is NULL
R10=0x000000000207abf8 points into unknown readable memory: 0x000000002b506f30 | 30 6f 50 2b 00 00 00 00
R11=0x000000000014d530 is pointing into the stack for thread: 0x0000000001fa0800
R12=0x0 is NULL
R13=0x000000002b5de8f8 is pointing into metadata
R14=0x0000000001fa0b48 points into unknown readable memory: 0x00007ffb9ade8df0 | f0 8d de 9a fb 7f 00 00
R15=0x0000000001fa0800 is a thread


Registers:
RAX=0x00000000004e0000, RBX=0x000000002cebf5e8, RCX=0x0000000000000000, RDX=0x00000000004e0000
RSP=0x000000000014d7e8, RBP=0x000000000207e910, RSI=0x0000000000000000, RDI=0x0000000001fa0800
R8 =0x0000000000000005, R9 =0x0000000000000000, R10=0x000000000207abf8, R11=0x000000000014d530
R12=0x0000000000000000, R13=0x000000002b5de8f8, R14=0x0000000001fa0b48, R15=0x0000000001fa0800
RIP=0x00007ffb9a49df03, EFLAGS=0x0000000000010206

Top of Stack: (sp=0x000000000014d7e8)
0x000000000014d7e8:   00007ffb9a7cc5ce 000000002b42a408
0x000000000014d7f8:   0000000000000000 0000000100070f58
0x000000000014d808:   0000000001fa0800 000000000014d988
0x000000000014d818:   00007ffbcb0d1c21 000000000014d840
0x000000000014d828:   000000000014d960 0000000001fa0b48
0x000000000014d838:   0000000000000000 2f6f692f6176616a
0x000000000014d848:   7470656378454f49 00009286006e6f69
0x000000000014d858:   00000000c882a958 0000000001fa0800
0x000000000014d868:   000000000000151a 000000002cebf5e8
0x000000000014d878:   00000000c8900d60 0000000001fa0800
0x000000000014d888:   00007ffb9aaf1f80 000000000014d970
0x000000000014d898:   000000000622ad24 0000000005c89b00
0x000000000014d8a8:   0000000005c8a0c3 0000000000000007
0x000000000014d8b8:   0000000000000000 000096aa60c994b9
0x000000000014d8c8:   000000000014d8c8 00000000000007de
0x000000000014d8d8:   0000000005c8f2d7 000000002b6d4300 

Instructions: (pc=0x00007ffb9a49df03)
0x00007ffb9a49de03:   f8 02 7c 21 48 8d 05 d2 7e 9b 00 0f b6 d3 48 c1
0x00007ffb9a49de13:   e2 05 48 83 c9 ff 48 03 d0 48 83 c4 20 5b 48 ff
0x00007ffb9a49de23:   25 e8 3b 96 00 48 83 c4 20 5b c3 cc cc 48 89 5c
0x00007ffb9a49de33:   24 08 57 48 83 ec 20 8b 05 d8 2a 96 00 48 8b d9
0x00007ffb9a49de43:   8b fa 3d ff 00 00 00 75 17 e8 7f 77 4d 00 89 05
0x00007ffb9a49de53:   c1 2a 96 00 8b 05 bb 2a 96 00 89 05 bd 2a 96 00
0x00007ffb9a49de63:   8b 05 af 2a 96 00 83 f8 02 7c 20 48 85 db 74 1b
0x00007ffb9a49de73:   48 8d 05 6e 7e 9b 00 40 0f b6 d7 48 c1 e2 05 48
0x00007ffb9a49de83:   8b cb 48 03 d0 ff 15 82 3b 96 00 48 8b 5c 24 30
0x00007ffb9a49de93:   48 83 c4 20 5f c3 cc cc cc cc cc cc cc 40 53 48
0x00007ffb9a49dea3:   83 ec 20 8b 05 6c 2a 96 00 8b d9 3d ff 00 00 00
0x00007ffb9a49deb3:   75 17 e8 16 77 4d 00 89 05 58 2a 96 00 8b 05 52
0x00007ffb9a49dec3:   2a 96 00 89 05 54 2a 96 00 8b 05 46 2a 96 00 83
0x00007ffb9a49ded3:   f8 02 7c 22 48 8d 05 02 7e 9b 00 0f b6 d3 48 c1
0x00007ffb9a49dee3:   e2 05 b9 01 00 00 00 48 03 d0 48 83 c4 20 5b 48
0x00007ffb9a49def3:   ff 25 17 3b 96 00 48 83 c4 20 5b c3 cc 48 8b c2
0x00007ffb9a49df03:   48 8b 51 28 48 3b d0 74 11 48 89 41 28 48 2b c2
0x00007ffb9a49df13:   8b 11 48 8b c8 e9 13 ff ff ff c3 cc cc 48 83 ec
0x00007ffb9a49df23:   38 4c 89 44 24 28 48 8d 05 04 c7 6e 00 4c 8b c2
0x00007ffb9a49df33:   48 89 44 24 20 ba 5b 01 00 00 48 8d 0d dc e3 77
0x00007ffb9a49df43:   00 41 b9 01 00 00 e0 e8 31 78 18 00 48 83 c4 38
0x00007ffb9a49df53:   e9 28 2e 53 00 cc cc cc cc cc cc cc cc 40 53 48
0x00007ffb9a49df63:   83 ec 20 45 33 c0 41 8d 50 07 8d 4a 09 e8 1b 6b
0x00007ffb9a49df73:   ff ff 48 8b d8 48 85 c0 74 24 ba 88 13 00 00 48
0x00007ffb9a49df83:   8b c8 e8 f6 1a 66 00 48 8d 05 bf e3 77 00 48 8b
0x00007ffb9a49df93:   cb 48 89 03 48 83 c4 20 5b e9 bf 1b 66 00 33 db
0x00007ffb9a49dfa3:   8b cb 48 83 c4 20 5b e9 b1 1b 66 00 cc 48 83 ec
0x00007ffb9a49dfb3:   28 48 8b 0d 6d 7d 9a 00 ba 05 00 00 00 e8 bb fa
0x00007ffb9a49dfc3:   ff ff 48 8b 0d 54 7d 9a 00 ba 05 00 00 00 e8 aa
0x00007ffb9a49dfd3:   fa ff ff 48 8b 0d 3b 7d 9a 00 ba 05 00 00 00 e8
0x00007ffb9a49dfe3:   99 fa ff ff 48 8b 0d 22 7d 9a 00 ba 05 00 00 00
0x00007ffb9a49dff3:   48 83 c4 28 e9 84 fa ff ff cc cc cc cc 48 8b 51 


Stack slot to memory mapping:
stack at sp + 0 slots: 0x00007ffb9a7cc5ce jvm.dll
stack at sp + 1 slots: 0x000000002b42a408 points into unknown readable memory: 0x616a2e7affff0013 | 13 00 ff ff 7a 2e 6a 61
stack at sp + 2 slots: 0x0 is NULL
stack at sp + 3 slots: 0x0000000100070f58 is a pointer to class: 
java.io.IOException {0x0000000100070f60}
stack at sp + 4 slots: 0x0000000001fa0800 is a thread
stack at sp + 5 slots: 0x000000000014d988 is pointing into the stack for thread: 0x0000000001fa0800
stack at sp + 6 slots: 0x00007ffbcb0d1c21 java.dll
stack at sp + 7 slots: 0x000000000014d840 is pointing into the stack for thread: 0x0000000001fa0800


---------------  P R O C E S S  ---------------

Threads class SMR info:
_java_thread_list=0x000000002c445a40, length=10, elements={
0x0000000001fa0800, 0x000000002b566000, 0x000000002b56f000, 0x000000002b580000,
0x000000002b581000, 0x000000002b581800, 0x000000002b58d000, 0x000000002b592800,
0x000000002b593800, 0x000000002c43f800
}

Java Threads: ( => current thread )
=>0x0000000001fa0800 JavaThread "main" [_thread_in_native, id=18372, stack(0x0000000000050000,0x0000000000150000)]
  0x000000002b566000 JavaThread "Reference Handler" daemon [_thread_blocked, id=16332, stack(0x000000002bec0000,0x000000002bfc0000)]
  0x000000002b56f000 JavaThread "Finalizer" daemon [_thread_blocked, id=14236, stack(0x000000002bfc0000,0x000000002c0c0000)]
  0x000000002b580000 JavaThread "Signal Dispatcher" daemon [_thread_blocked, id=8376, stack(0x000000002c6c0000,0x000000002c7c0000)]
  0x000000002b581000 JavaThread "Attach Listener" daemon [_thread_blocked, id=11728, stack(0x000000002c7c0000,0x000000002c8c0000)]
  0x000000002b581800 JavaThread "Service Thread" daemon [_thread_blocked, id=13620, stack(0x000000002c8c0000,0x000000002c9c0000)]
  0x000000002b58d000 JavaThread "C2 CompilerThread0" daemon [_thread_blocked, id=9424, stack(0x000000002c9c0000,0x000000002cac0000)]
  0x000000002b592800 JavaThread "C1 CompilerThread0" daemon [_thread_blocked, id=20688, stack(0x000000002cac0000,0x000000002cbc0000)]
  0x000000002b593800 JavaThread "Sweeper thread" daemon [_thread_blocked, id=10200, stack(0x000000002cbc0000,0x000000002ccc0000)]
  0x000000002c43f800 JavaThread "Common-Cleaner" daemon [_thread_blocked, id=13544, stack(0x000000002cec0000,0x000000002cfc0000)]

Other Threads:
  0x000000002b540800 VMThread "VM Thread" [stack: 0x000000002bdc0000,0x000000002bec0000] [id=2144]
  0x000000002c437000 WatcherThread [stack: 0x000000002ccc0000,0x000000002cdc0000] [id=16872]
  0x0000000001fb8800 GCTaskThread "GC Thread#0" [stack: 0x0000000026080000,0x0000000026180000] [id=1396]
  0x0000000001fd5800 ConcurrentGCThread "G1 Main Marker" [stack: 0x0000000028b80000,0x0000000028c80000] [id=3572]
  0x0000000001fd7000 ConcurrentGCThread "G1 Conc#0" [stack: 0x0000000028c80000,0x0000000028d80000] [id=11460]
  0x000000000206b000 ConcurrentGCThread "G1 Refine#0" [stack: 0x000000002b1c0000,0x000000002b2c0000] [id=14000]
  0x000000000206c000 ConcurrentGCThread "G1 Young RemSet Sampling" [stack: 0x000000002b2c0000,0x000000002b3c0000] [id=1128]

Threads with active compile tasks:

VM state:not at safepoint (normal execution)

VM Mutex/Monitor currently owned by a thread: None

Heap address: 0x00000000c0a00000, size: 1014 MB, Compressed Oops mode: 32-bit
Narrow klass base: 0x0000000000000000, Narrow klass shift: 3
Compressed class space size: 1073741824 Address: 0x0000000100000000

Heap:
 garbage-first heap   total 131072K, used 1024K [0x00000000c0a00000, 0x0000000100000000)
  region size 1024K, 2 young (2048K), 0 survivors (0K)
 Metaspace       used 4750K, capacity 4830K, committed 5120K, reserved 1056768K
  class space    used 429K, capacity 458K, committed 512K, reserved 1048576K
Heap Regions: E=young(eden), S=young(survivor), O=old, HS=humongous(starts), HC=humongous(continues), CS=collection set, F=free, A=archive, TAMS=top-at-mark-start (previous, next)
|   0|0x00000000c0a00000, 0x00000000c0a00000, 0x00000000c0b00000|  0%| F|  |TAMS 0x00000000c0a00000, 0x00000000c0a00000| Untracked 
|   1|0x00000000c0b00000, 0x00000000c0b00000, 0x00000000c0c00000|  0%| F|  |TAMS 0x00000000c0b00000, 0x00000000c0b00000| Untracked 
|   2|0x00000000c0c00000, 0x00000000c0c00000, 0x00000000c0d00000|  0%| F|  |TAMS 0x00000000c0c00000, 0x00000000c0c00000| Untracked 
|   3|0x00000000c0d00000, 0x00000000c0d00000, 0x00000000c0e00000|  0%| F|  |TAMS 0x00000000c0d00000, 0x00000000c0d00000| Untracked 
|   4|0x00000000c0e00000, 0x00000000c0e00000, 0x00000000c0f00000|  0%| F|  |TAMS 0x00000000c0e00000, 0x00000000c0e00000| Untracked 
|   5|0x00000000c0f00000, 0x00000000c0f00000, 0x00000000c1000000|  0%| F|  |TAMS 0x00000000c0f00000, 0x00000000c0f00000| Untracked 
|   6|0x00000000c1000000, 0x00000000c1000000, 0x00000000c1100000|  0%| F|  |TAMS 0x00000000c1000000, 0x00000000c1000000| Untracked 
|   7|0x00000000c1100000, 0x00000000c1100000, 0x00000000c1200000|  0%| F|  |TAMS 0x00000000c1100000, 0x00000000c1100000| Untracked 
|   8|0x00000000c1200000, 0x00000000c1200000, 0x00000000c1300000|  0%| F|  |TAMS 0x00000000c1200000, 0x00000000c1200000| Untracked 
|   9|0x00000000c1300000, 0x00000000c1300000, 0x00000000c1400000|  0%| F|  |TAMS 0x00000000c1300000, 0x00000000c1300000| Untracked 
|  10|0x00000000c1400000, 0x00000000c1400000, 0x00000000c1500000|  0%| F|  |TAMS 0x00000000c1400000, 0x00000000c1400000| Untracked 
|  11|0x00000000c1500000, 0x00000000c1500000, 0x00000000c1600000|  0%| F|  |TAMS 0x00000000c1500000, 0x00000000c1500000| Untracked 
|  12|0x00000000c1600000, 0x00000000c1600000, 0x00000000c1700000|  0%| F|  |TAMS 0x00000000c1600000, 0x00000000c1600000| Untracked 
|  13|0x00000000c1700000, 0x00000000c1700000, 0x00000000c1800000|  0%| F|  |TAMS 0x00000000c1700000, 0x00000000c1700000| Untracked 
|  14|0x00000000c1800000, 0x00000000c1800000, 0x00000000c1900000|  0%| F|  |TAMS 0x00000000c1800000, 0x00000000c1800000| Untracked 
|  15|0x00000000c1900000, 0x00000000c1900000, 0x00000000c1a00000|  0%| F|  |TAMS 0x00000000c1900000, 0x00000000c1900000| Untracked 
|  16|0x00000000c1a00000, 0x00000000c1a00000, 0x00000000c1b00000|  0%| F|  |TAMS 0x00000000c1a00000, 0x00000000c1a00000| Untracked 
|  17|0x00000000c1b00000, 0x00000000c1b00000, 0x00000000c1c00000|  0%| F|  |TAMS 0x00000000c1b00000, 0x00000000c1b00000| Untracked 
|  18|0x00000000c1c00000, 0x00000000c1c00000, 0x00000000c1d00000|  0%| F|  |TAMS 0x00000000c1c00000, 0x00000000c1c00000| Untracked 
|  19|0x00000000c1d00000, 0x00000000c1d00000, 0x00000000c1e00000|  0%| F|  |TAMS 0x00000000c1d00000, 0x00000000c1d00000| Untracked 
|  20|0x00000000c1e00000, 0x00000000c1e00000, 0x00000000c1f00000|  0%| F|  |TAMS 0x00000000c1e00000, 0x00000000c1e00000| Untracked 
|  21|0x00000000c1f00000, 0x00000000c1f00000, 0x00000000c2000000|  0%| F|  |TAMS 0x00000000c1f00000, 0x00000000c1f00000| Untracked 
|  22|0x00000000c2000000, 0x00000000c2000000, 0x00000000c2100000|  0%| F|  |TAMS 0x00000000c2000000, 0x00000000c2000000| Untracked 
|  23|0x00000000c2100000, 0x00000000c2100000, 0x00000000c2200000|  0%| F|  |TAMS 0x00000000c2100000, 0x00000000c2100000| Untracked 
|  24|0x00000000c2200000, 0x00000000c2200000, 0x00000000c2300000|  0%| F|  |TAMS 0x00000000c2200000, 0x00000000c2200000| Untracked 
|  25|0x00000000c2300000, 0x00000000c2300000, 0x00000000c2400000|  0%| F|  |TAMS 0x00000000c2300000, 0x00000000c2300000| Untracked 
|  26|0x00000000c2400000, 0x00000000c2400000, 0x00000000c2500000|  0%| F|  |TAMS 0x00000000c2400000, 0x00000000c2400000| Untracked 
|  27|0x00000000c2500000, 0x00000000c2500000, 0x00000000c2600000|  0%| F|  |TAMS 0x00000000c2500000, 0x00000000c2500000| Untracked 
|  28|0x00000000c2600000, 0x00000000c2600000, 0x00000000c2700000|  0%| F|  |TAMS 0x00000000c2600000, 0x00000000c2600000| Untracked 
|  29|0x00000000c2700000, 0x00000000c2700000, 0x00000000c2800000|  0%| F|  |TAMS 0x00000000c2700000, 0x00000000c2700000| Untracked 
|  30|0x00000000c2800000, 0x00000000c2800000, 0x00000000c2900000|  0%| F|  |TAMS 0x00000000c2800000, 0x00000000c2800000| Untracked 
|  31|0x00000000c2900000, 0x00000000c2900000, 0x00000000c2a00000|  0%| F|  |TAMS 0x00000000c2900000, 0x00000000c2900000| Untracked 
|  32|0x00000000c2a00000, 0x00000000c2a00000, 0x00000000c2b00000|  0%| F|  |TAMS 0x00000000c2a00000, 0x00000000c2a00000| Untracked 
|  33|0x00000000c2b00000, 0x00000000c2b00000, 0x00000000c2c00000|  0%| F|  |TAMS 0x00000000c2b00000, 0x00000000c2b00000| Untracked 
|  34|0x00000000c2c00000, 0x00000000c2c00000, 0x00000000c2d00000|  0%| F|  |TAMS 0x00000000c2c00000, 0x00000000c2c00000| Untracked 
|  35|0x00000000c2d00000, 0x00000000c2d00000, 0x00000000c2e00000|  0%| F|  |TAMS 0x00000000c2d00000, 0x00000000c2d00000| Untracked 
|  36|0x00000000c2e00000, 0x00000000c2e00000, 0x00000000c2f00000|  0%| F|  |TAMS 0x00000000c2e00000, 0x00000000c2e00000| Untracked 
|  37|0x00000000c2f00000, 0x00000000c2f00000, 0x00000000c3000000|  0%| F|  |TAMS 0x00000000c2f00000, 0x00000000c2f00000| Untracked 
|  38|0x00000000c3000000, 0x00000000c3000000, 0x00000000c3100000|  0%| F|  |TAMS 0x00000000c3000000, 0x00000000c3000000| Untracked 
|  39|0x00000000c3100000, 0x00000000c3100000, 0x00000000c3200000|  0%| F|  |TAMS 0x00000000c3100000, 0x00000000c3100000| Untracked 
|  40|0x00000000c3200000, 0x00000000c3200000, 0x00000000c3300000|  0%| F|  |TAMS 0x00000000c3200000, 0x00000000c3200000| Untracked 
|  41|0x00000000c3300000, 0x00000000c3300000, 0x00000000c3400000|  0%| F|  |TAMS 0x00000000c3300000, 0x00000000c3300000| Untracked 
|  42|0x00000000c3400000, 0x00000000c3400000, 0x00000000c3500000|  0%| F|  |TAMS 0x00000000c3400000, 0x00000000c3400000| Untracked 
|  43|0x00000000c3500000, 0x00000000c3500000, 0x00000000c3600000|  0%| F|  |TAMS 0x00000000c3500000, 0x00000000c3500000| Untracked 
|  44|0x00000000c3600000, 0x00000000c3600000, 0x00000000c3700000|  0%| F|  |TAMS 0x00000000c3600000, 0x00000000c3600000| Untracked 
|  45|0x00000000c3700000, 0x00000000c3700000, 0x00000000c3800000|  0%| F|  |TAMS 0x00000000c3700000, 0x00000000c3700000| Untracked 
|  46|0x00000000c3800000, 0x00000000c3800000, 0x00000000c3900000|  0%| F|  |TAMS 0x00000000c3800000, 0x00000000c3800000| Untracked 
|  47|0x00000000c3900000, 0x00000000c3900000, 0x00000000c3a00000|  0%| F|  |TAMS 0x00000000c3900000, 0x00000000c3900000| Untracked 
|  48|0x00000000c3a00000, 0x00000000c3a00000, 0x00000000c3b00000|  0%| F|  |TAMS 0x00000000c3a00000, 0x00000000c3a00000| Untracked 
|  49|0x00000000c3b00000, 0x00000000c3b00000, 0x00000000c3c00000|  0%| F|  |TAMS 0x00000000c3b00000, 0x00000000c3b00000| Untracked 
|  50|0x00000000c3c00000, 0x00000000c3c00000, 0x00000000c3d00000|  0%| F|  |TAMS 0x00000000c3c00000, 0x00000000c3c00000| Untracked 
|  51|0x00000000c3d00000, 0x00000000c3d00000, 0x00000000c3e00000|  0%| F|  |TAMS 0x00000000c3d00000, 0x00000000c3d00000| Untracked 
|  52|0x00000000c3e00000, 0x00000000c3e00000, 0x00000000c3f00000|  0%| F|  |TAMS 0x00000000c3e00000, 0x00000000c3e00000| Untracked 
|  53|0x00000000c3f00000, 0x00000000c3f00000, 0x00000000c4000000|  0%| F|  |TAMS 0x00000000c3f00000, 0x00000000c3f00000| Untracked 
|  54|0x00000000c4000000, 0x00000000c4000000, 0x00000000c4100000|  0%| F|  |TAMS 0x00000000c4000000, 0x00000000c4000000| Untracked 
|  55|0x00000000c4100000, 0x00000000c4100000, 0x00000000c4200000|  0%| F|  |TAMS 0x00000000c4100000, 0x00000000c4100000| Untracked 
|  56|0x00000000c4200000, 0x00000000c4200000, 0x00000000c4300000|  0%| F|  |TAMS 0x00000000c4200000, 0x00000000c4200000| Untracked 
|  57|0x00000000c4300000, 0x00000000c4300000, 0x00000000c4400000|  0%| F|  |TAMS 0x00000000c4300000, 0x00000000c4300000| Untracked 
|  58|0x00000000c4400000, 0x00000000c4400000, 0x00000000c4500000|  0%| F|  |TAMS 0x00000000c4400000, 0x00000000c4400000| Untracked 
|  59|0x00000000c4500000, 0x00000000c4500000, 0x00000000c4600000|  0%| F|  |TAMS 0x00000000c4500000, 0x00000000c4500000| Untracked 
|  60|0x00000000c4600000, 0x00000000c4600000, 0x00000000c4700000|  0%| F|  |TAMS 0x00000000c4600000, 0x00000000c4600000| Untracked 
|  61|0x00000000c4700000, 0x00000000c4700000, 0x00000000c4800000|  0%| F|  |TAMS 0x00000000c4700000, 0x00000000c4700000| Untracked 
|  62|0x00000000c4800000, 0x00000000c4800000, 0x00000000c4900000|  0%| F|  |TAMS 0x00000000c4800000, 0x00000000c4800000| Untracked 
|  63|0x00000000c4900000, 0x00000000c4900000, 0x00000000c4a00000|  0%| F|  |TAMS 0x00000000c4900000, 0x00000000c4900000| Untracked 
|  64|0x00000000c4a00000, 0x00000000c4a00000, 0x00000000c4b00000|  0%| F|  |TAMS 0x00000000c4a00000, 0x00000000c4a00000| Untracked 
|  65|0x00000000c4b00000, 0x00000000c4b00000, 0x00000000c4c00000|  0%| F|  |TAMS 0x00000000c4b00000, 0x00000000c4b00000| Untracked 
|  66|0x00000000c4c00000, 0x00000000c4c00000, 0x00000000c4d00000|  0%| F|  |TAMS 0x00000000c4c00000, 0x00000000c4c00000| Untracked 
|  67|0x00000000c4d00000, 0x00000000c4d00000, 0x00000000c4e00000|  0%| F|  |TAMS 0x00000000c4d00000, 0x00000000c4d00000| Untracked 
|  68|0x00000000c4e00000, 0x00000000c4e00000, 0x00000000c4f00000|  0%| F|  |TAMS 0x00000000c4e00000, 0x00000000c4e00000| Untracked 
|  69|0x00000000c4f00000, 0x00000000c4f00000, 0x00000000c5000000|  0%| F|  |TAMS 0x00000000c4f00000, 0x00000000c4f00000| Untracked 
|  70|0x00000000c5000000, 0x00000000c5000000, 0x00000000c5100000|  0%| F|  |TAMS 0x00000000c5000000, 0x00000000c5000000| Untracked 
|  71|0x00000000c5100000, 0x00000000c5100000, 0x00000000c5200000|  0%| F|  |TAMS 0x00000000c5100000, 0x00000000c5100000| Untracked 
|  72|0x00000000c5200000, 0x00000000c5200000, 0x00000000c5300000|  0%| F|  |TAMS 0x00000000c5200000, 0x00000000c5200000| Untracked 
|  73|0x00000000c5300000, 0x00000000c5300000, 0x00000000c5400000|  0%| F|  |TAMS 0x00000000c5300000, 0x00000000c5300000| Untracked 
|  74|0x00000000c5400000, 0x00000000c5400000, 0x00000000c5500000|  0%| F|  |TAMS 0x00000000c5400000, 0x00000000c5400000| Untracked 
|  75|0x00000000c5500000, 0x00000000c5500000, 0x00000000c5600000|  0%| F|  |TAMS 0x00000000c5500000, 0x00000000c5500000| Untracked 
|  76|0x00000000c5600000, 0x00000000c5600000, 0x00000000c5700000|  0%| F|  |TAMS 0x00000000c5600000, 0x00000000c5600000| Untracked 
|  77|0x00000000c5700000, 0x00000000c5700000, 0x00000000c5800000|  0%| F|  |TAMS 0x00000000c5700000, 0x00000000c5700000| Untracked 
|  78|0x00000000c5800000, 0x00000000c5800000, 0x00000000c5900000|  0%| F|  |TAMS 0x00000000c5800000, 0x00000000c5800000| Untracked 
|  79|0x00000000c5900000, 0x00000000c5900000, 0x00000000c5a00000|  0%| F|  |TAMS 0x00000000c5900000, 0x00000000c5900000| Untracked 
|  80|0x00000000c5a00000, 0x00000000c5a00000, 0x00000000c5b00000|  0%| F|  |TAMS 0x00000000c5a00000, 0x00000000c5a00000| Untracked 
|  81|0x00000000c5b00000, 0x00000000c5b00000, 0x00000000c5c00000|  0%| F|  |TAMS 0x00000000c5b00000, 0x00000000c5b00000| Untracked 
|  82|0x00000000c5c00000, 0x00000000c5c00000, 0x00000000c5d00000|  0%| F|  |TAMS 0x00000000c5c00000, 0x00000000c5c00000| Untracked 
|  83|0x00000000c5d00000, 0x00000000c5d00000, 0x00000000c5e00000|  0%| F|  |TAMS 0x00000000c5d00000, 0x00000000c5d00000| Untracked 
|  84|0x00000000c5e00000, 0x00000000c5e00000, 0x00000000c5f00000|  0%| F|  |TAMS 0x00000000c5e00000, 0x00000000c5e00000| Untracked 
|  85|0x00000000c5f00000, 0x00000000c5f00000, 0x00000000c6000000|  0%| F|  |TAMS 0x00000000c5f00000, 0x00000000c5f00000| Untracked 
|  86|0x00000000c6000000, 0x00000000c6000000, 0x00000000c6100000|  0%| F|  |TAMS 0x00000000c6000000, 0x00000000c6000000| Untracked 
|  87|0x00000000c6100000, 0x00000000c6100000, 0x00000000c6200000|  0%| F|  |TAMS 0x00000000c6100000, 0x00000000c6100000| Untracked 
|  88|0x00000000c6200000, 0x00000000c6200000, 0x00000000c6300000|  0%| F|  |TAMS 0x00000000c6200000, 0x00000000c6200000| Untracked 
|  89|0x00000000c6300000, 0x00000000c6300000, 0x00000000c6400000|  0%| F|  |TAMS 0x00000000c6300000, 0x00000000c6300000| Untracked 
|  90|0x00000000c6400000, 0x00000000c6400000, 0x00000000c6500000|  0%| F|  |TAMS 0x00000000c6400000, 0x00000000c6400000| Untracked 
|  91|0x00000000c6500000, 0x00000000c6500000, 0x00000000c6600000|  0%| F|  |TAMS 0x00000000c6500000, 0x00000000c6500000| Untracked 
|  92|0x00000000c6600000, 0x00000000c6600000, 0x00000000c6700000|  0%| F|  |TAMS 0x00000000c6600000, 0x00000000c6600000| Untracked 
|  93|0x00000000c6700000, 0x00000000c6700000, 0x00000000c6800000|  0%| F|  |TAMS 0x00000000c6700000, 0x00000000c6700000| Untracked 
|  94|0x00000000c6800000, 0x00000000c6800000, 0x00000000c6900000|  0%| F|  |TAMS 0x00000000c6800000, 0x00000000c6800000| Untracked 
|  95|0x00000000c6900000, 0x00000000c6900000, 0x00000000c6a00000|  0%| F|  |TAMS 0x00000000c6900000, 0x00000000c6900000| Untracked 
|  96|0x00000000c6a00000, 0x00000000c6a00000, 0x00000000c6b00000|  0%| F|  |TAMS 0x00000000c6a00000, 0x00000000c6a00000| Untracked 
|  97|0x00000000c6b00000, 0x00000000c6b00000, 0x00000000c6c00000|  0%| F|  |TAMS 0x00000000c6b00000, 0x00000000c6b00000| Untracked 
|  98|0x00000000c6c00000, 0x00000000c6c00000, 0x00000000c6d00000|  0%| F|  |TAMS 0x00000000c6c00000, 0x00000000c6c00000| Untracked 
|  99|0x00000000c6d00000, 0x00000000c6d00000, 0x00000000c6e00000|  0%| F|  |TAMS 0x00000000c6d00000, 0x00000000c6d00000| Untracked 
| 100|0x00000000c6e00000, 0x00000000c6e00000, 0x00000000c6f00000|  0%| F|  |TAMS 0x00000000c6e00000, 0x00000000c6e00000| Untracked 
| 101|0x00000000c6f00000, 0x00000000c6f00000, 0x00000000c7000000|  0%| F|  |TAMS 0x00000000c6f00000, 0x00000000c6f00000| Untracked 
| 102|0x00000000c7000000, 0x00000000c7000000, 0x00000000c7100000|  0%| F|  |TAMS 0x00000000c7000000, 0x00000000c7000000| Untracked 
| 103|0x00000000c7100000, 0x00000000c7100000, 0x00000000c7200000|  0%| F|  |TAMS 0x00000000c7100000, 0x00000000c7100000| Untracked 
| 104|0x00000000c7200000, 0x00000000c7200000, 0x00000000c7300000|  0%| F|  |TAMS 0x00000000c7200000, 0x00000000c7200000| Untracked 
| 105|0x00000000c7300000, 0x00000000c7300000, 0x00000000c7400000|  0%| F|  |TAMS 0x00000000c7300000, 0x00000000c7300000| Untracked 
| 106|0x00000000c7400000, 0x00000000c7400000, 0x00000000c7500000|  0%| F|  |TAMS 0x00000000c7400000, 0x00000000c7400000| Untracked 
| 107|0x00000000c7500000, 0x00000000c7500000, 0x00000000c7600000|  0%| F|  |TAMS 0x00000000c7500000, 0x00000000c7500000| Untracked 
| 108|0x00000000c7600000, 0x00000000c7600000, 0x00000000c7700000|  0%| F|  |TAMS 0x00000000c7600000, 0x00000000c7600000| Untracked 
| 109|0x00000000c7700000, 0x00000000c7700000, 0x00000000c7800000|  0%| F|  |TAMS 0x00000000c7700000, 0x00000000c7700000| Untracked 
| 110|0x00000000c7800000, 0x00000000c7800000, 0x00000000c7900000|  0%| F|  |TAMS 0x00000000c7800000, 0x00000000c7800000| Untracked 
| 111|0x00000000c7900000, 0x00000000c7900000, 0x00000000c7a00000|  0%| F|  |TAMS 0x00000000c7900000, 0x00000000c7900000| Untracked 
| 112|0x00000000c7a00000, 0x00000000c7a00000, 0x00000000c7b00000|  0%| F|  |TAMS 0x00000000c7a00000, 0x00000000c7a00000| Untracked 
| 113|0x00000000c7b00000, 0x00000000c7b00000, 0x00000000c7c00000|  0%| F|  |TAMS 0x00000000c7b00000, 0x00000000c7b00000| Untracked 
| 114|0x00000000c7c00000, 0x00000000c7c00000, 0x00000000c7d00000|  0%| F|  |TAMS 0x00000000c7c00000, 0x00000000c7c00000| Untracked 
| 115|0x00000000c7d00000, 0x00000000c7d00000, 0x00000000c7e00000|  0%| F|  |TAMS 0x00000000c7d00000, 0x00000000c7d00000| Untracked 
| 116|0x00000000c7e00000, 0x00000000c7e00000, 0x00000000c7f00000|  0%| F|  |TAMS 0x00000000c7e00000, 0x00000000c7e00000| Untracked 
| 117|0x00000000c7f00000, 0x00000000c7f00000, 0x00000000c8000000|  0%| F|  |TAMS 0x00000000c7f00000, 0x00000000c7f00000| Untracked 
| 118|0x00000000c8000000, 0x00000000c8000000, 0x00000000c8100000|  0%| F|  |TAMS 0x00000000c8000000, 0x00000000c8000000| Untracked 
| 119|0x00000000c8100000, 0x00000000c8100000, 0x00000000c8200000|  0%| F|  |TAMS 0x00000000c8100000, 0x00000000c8100000| Untracked 
| 120|0x00000000c8200000, 0x00000000c8200000, 0x00000000c8300000|  0%| F|  |TAMS 0x00000000c8200000, 0x00000000c8200000| Untracked 
| 121|0x00000000c8300000, 0x00000000c8300000, 0x00000000c8400000|  0%| F|  |TAMS 0x00000000c8300000, 0x00000000c8300000| Untracked 
| 122|0x00000000c8400000, 0x00000000c8400000, 0x00000000c8500000|  0%| F|  |TAMS 0x00000000c8400000, 0x00000000c8400000| Untracked 
| 123|0x00000000c8500000, 0x00000000c8500000, 0x00000000c8600000|  0%| F|  |TAMS 0x00000000c8500000, 0x00000000c8500000| Untracked 
| 124|0x00000000c8600000, 0x00000000c8600000, 0x00000000c8700000|  0%| F|  |TAMS 0x00000000c8600000, 0x00000000c8600000| Untracked 
| 125|0x00000000c8700000, 0x00000000c8700000, 0x00000000c8800000|  0%| F|  |TAMS 0x00000000c8700000, 0x00000000c8700000| Untracked 
| 126|0x00000000c8800000, 0x00000000c8890148, 0x00000000c8900000| 56%| E|  |TAMS 0x00000000c8800000, 0x00000000c8800000| Complete 
| 127|0x00000000c8900000, 0x00000000c8a00000, 0x00000000c8a00000|100%| E|CS|TAMS 0x00000000c8900000, 0x00000000c8900000| Complete 

Card table byte_map: [0x00000000267c0000,0x00000000269c0000] _byte_map_base: 0x00000000261bb000

Marking Bits (Prev, Next): (CMBitMap*) 0x0000000001fd0e08, (CMBitMap*) 0x0000000001fd0e40
 Prev Bits: [0x0000000026bc0000, 0x0000000027b98000)
 Next Bits: [0x0000000027ba0000, 0x0000000028b78000)

Polling page: 0x00000000004d0000

Metaspace:

Usage:
  Non-class:      4.27 MB capacity,     4.22 MB ( 99%) used,    50.04 KB (  1%) free+waste,   640 bytes ( <1%) overhead. 
      Class:    458.00 KB capacity,   429.16 KB ( 94%) used,    28.34 KB (  6%) free+waste,   512 bytes ( <1%) overhead. 
       Both:      4.72 MB capacity,     4.64 MB ( 98%) used,    78.38 KB (  2%) free+waste,     1.13 KB ( <1%) overhead. 

Virtual space:
  Non-class space:        8.00 MB reserved,       4.50 MB ( 56%) committed 
      Class space:        1.00 GB reserved,     512.00 KB ( <1%) committed 
             Both:        1.01 GB reserved,       5.00 MB ( <1%) committed 

Chunk freelists:
   Non-Class:  44.00 KB
       Class:  22.00 KB
        Both:  66.00 KB

MaxMetaspaceSize: 17179869184.00 GB
CompressedClassSpaceSize: 1.00 GB

CodeHeap 'non-profiled nmethods': size=259328Kb used=18Kb max_used=18Kb free=259309Kb
 bounds [0x0000000015f40000, 0x00000000161b0000, 0x0000000025c80000]
CodeHeap 'profiled nmethods': size=259264Kb used=115Kb max_used=115Kb free=259148Kb
 bounds [0x0000000006210000, 0x0000000006480000, 0x0000000015f40000]
CodeHeap 'non-nmethods': size=5696Kb used=1015Kb max_used=1015Kb free=4680Kb
 bounds [0x0000000005c80000, 0x0000000005ef0000, 0x0000000006210000]
 total_blobs=375 nmethods=88 adapters=199
 compilation: enabled
              stopped_count=0, restarted_count=0
 full_count=0

Compilation events (20 events):
Event: 0.204 Thread 0x000000002b592800   79       3       java.lang.StringBuilder::append (8 bytes)
Event: 0.204 Thread 0x000000002b592800 nmethod 79 0x0000000006228e90 code [0x0000000006229040, 0x0000000006229188]
Event: 0.204 Thread 0x000000002b592800   80       3       java.lang.AbstractStringBuilder::append (77 bytes)
Event: 0.205 Thread 0x000000002b592800 nmethod 80 0x0000000006229210 code [0x0000000006229440, 0x0000000006229ac8]
Event: 0.209 Thread 0x000000002b592800   82       3       java.lang.StringLatin1::indexOf (61 bytes)
Event: 0.209 Thread 0x000000002b592800 nmethod 82 0x0000000006229d10 code [0x0000000006229ee0, 0x000000000622a298]
Event: 0.209 Thread 0x000000002b592800   81       3       java.lang.String::indexOf (29 bytes)
Event: 0.209 Thread 0x000000002b592800 nmethod 81 0x000000000622a410 code [0x000000000622a5e0, 0x000000000622a858]
Event: 0.209 Thread 0x000000002b592800   83       3       java.lang.String::indexOf (7 bytes)
Event: 0.210 Thread 0x000000002b592800 nmethod 83 0x000000000622a990 code [0x000000000622ab80, 0x000000000622ae78]
Event: 0.221 Thread 0x000000002b592800   84       3       java.lang.CharacterData::of (120 bytes)
Event: 0.221 Thread 0x000000002b592800 nmethod 84 0x000000000622af90 code [0x000000000622b1a0, 0x000000000622b938]
Event: 0.221 Thread 0x000000002b592800   85       3       java.lang.CharacterDataLatin1::getProperties (11 bytes)
Event: 0.222 Thread 0x000000002b592800 nmethod 85 0x000000000622bb90 code [0x000000000622bd40, 0x000000000622be78]
Event: 0.250 Thread 0x000000002b592800   86       3       java.lang.Character::toLowerCase (9 bytes)
Event: 0.251 Thread 0x000000002b592800 nmethod 86 0x000000000622bf90 code [0x000000000622c160, 0x000000000622c338]
Event: 0.251 Thread 0x000000002b592800   87       3       java.lang.CharacterDataLatin1::toLowerCase (39 bytes)
Event: 0.251 Thread 0x000000002b592800 nmethod 87 0x000000000622c410 code [0x000000000622c5e0, 0x000000000622c818]
Event: 0.257 Thread 0x000000002b592800   88       3       java.util.zip.ZipUtils::SH (21 bytes)
Event: 0.257 Thread 0x000000002b592800 nmethod 88 0x000000000622c990 code [0x000000000622cb40, 0x000000000622cc78]

GC Heap History (0 events):
No events

Deoptimization events (4 events):
Event: 0.197 Thread 0x0000000001fa0800 Uncommon trap: trap_request=0xffffff4d fr.pc=0x0000000015f443fc relative=0x00000000000001dc
Event: 0.197 Thread 0x0000000001fa0800 Uncommon trap: reason=unstable_if action=reinterpret pc=0x0000000015f443fc method=java.lang.String.hashCode()I @ 14 c2
Event: 0.197 Thread 0x0000000001fa0800 DEOPT PACKING pc=0x0000000015f443fc sp=0x000000000014e160
Event: 0.197 Thread 0x0000000001fa0800 DEOPT UNPACKING pc=0x0000000005ca78af sp=0x000000000014e0f8 mode 2

Classes redefined (0 events):
No events

Internal exceptions (0 events):
No events

Events (20 events):
Event: 0.265 loading class java/security/Permissions$1 done
Event: 0.265 loading class java/security/BasicPermissionCollection
Event: 0.265 loading class java/security/BasicPermissionCollection done
Event: 0.266 loading class java/security/AllPermission
Event: 0.266 loading class java/security/AllPermission done
Event: 0.266 loading class java/security/UnresolvedPermission
Event: 0.266 loading class java/security/UnresolvedPermission done
Event: 0.266 loading class java/security/SecureClassLoader$DebugHolder
Event: 0.266 loading class java/security/SecureClassLoader$DebugHolder done
Event: 0.266 loading class sun/security/util/Debug
Event: 0.266 loading class sun/security/util/Debug done
Event: 0.267 loading class java/lang/NoSuchMethodException
Event: 0.267 loading class java/lang/NoSuchMethodException done
Event: 0.267 loading class java/lang/reflect/InvocationTargetException
Event: 0.267 loading class java/lang/reflect/InvocationTargetException done
Event: 0.267 loading class java/lang/IllegalAccessException
Event: 0.267 loading class java/lang/IllegalAccessException done
Event: 0.268 loading class java/io/IOException
Event: 0.268 Thread 0x000000002c438000 Thread exited: 0x000000002c438000
Event: 0.268 loading class java/io/IOException done


Dynamic libraries:
0x0000000140000000 - 0x00000001400ca000 	C:\Program Files\JetBrains\PyCharm Community Edition 2021.1.1\bin\pycharm64.exe
0x00007ffbd66b0000 - 0x00007ffbd68a5000 	C:\WINDOWS\SYSTEM32\ntdll.dll
0x00007ffbd65b0000 - 0x00007ffbd666d000 	C:\WINDOWS\System32\KERNEL32.DLL
0x00007ffbd3e20000 - 0x00007ffbd40e8000 	C:\WINDOWS\System32\KERNELBASE.dll
0x00007ffbd4710000 - 0x00007ffbd48b0000 	C:\WINDOWS\System32\USER32.dll
0x00007ffbd3df0000 - 0x00007ffbd3e12000 	C:\WINDOWS\System32\win32u.dll
0x00007ffbd63d0000 - 0x00007ffbd63fa000 	C:\WINDOWS\System32\GDI32.dll
0x00007ffbd42a0000 - 0x00007ffbd43ab000 	C:\WINDOWS\System32\gdi32full.dll
0x00007ffbd44b0000 - 0x00007ffbd454d000 	C:\WINDOWS\System32\msvcp_win.dll
0x00007ffbd43b0000 - 0x00007ffbd44b0000 	C:\WINDOWS\System32\ucrtbase.dll
0x00007ffbd4e90000 - 0x00007ffbd4f3c000 	C:\WINDOWS\System32\ADVAPI32.dll
0x00007ffbd59e0000 - 0x00007ffbd5a7e000 	C:\WINDOWS\System32\msvcrt.dll
0x00007ffbd5890000 - 0x00007ffbd592b000 	C:\WINDOWS\System32\sechost.dll
0x00007ffbd5700000 - 0x00007ffbd582b000 	C:\WINDOWS\System32\RPCRT4.dll
0x00007ffbd4f40000 - 0x00007ffbd5682000 	C:\WINDOWS\System32\SHELL32.dll
0x00007ffbd4a20000 - 0x00007ffbd4b4a000 	C:\WINDOWS\System32\ole32.dll
0x00007ffbd5c00000 - 0x00007ffbd5f55000 	C:\WINDOWS\System32\combase.dll
0x00007ffbd4960000 - 0x00007ffbd4990000 	C:\WINDOWS\System32\IMM32.DLL
0x00007ffbd5930000 - 0x00007ffbd59de000 	C:\WINDOWS\System32\shcore.dll
0x00007ffb9a3e0000 - 0x00007ffb9af2f000 	C:\Program Files\JetBrains\PyCharm Community Edition 2021.1.1\jbr\bin\server\jvm.dll
0x00007ffbd4a10000 - 0x00007ffbd4a18000 	C:\WINDOWS\System32\PSAPI.DLL
0x00007ffbbd5f0000 - 0x00007ffbbd5f9000 	C:\WINDOWS\SYSTEM32\WSOCK32.dll
0x00007ffbd5690000 - 0x00007ffbd56fb000 	C:\WINDOWS\System32\WS2_32.dll
0x00007ffbbe9b0000 - 0x00007ffbbe9d7000 	C:\WINDOWS\SYSTEM32\WINMM.dll
0x00007ffbc0770000 - 0x00007ffbc077a000 	C:\WINDOWS\SYSTEM32\VERSION.dll
0x00007ffbcb1b0000 - 0x00007ffbcb1c9000 	C:\WINDOWS\SYSTEM32\VCRUNTIME140.dll
0x00007ffbcb190000 - 0x00007ffbcb1a1000 	C:\Program Files\JetBrains\PyCharm Community Edition 2021.1.1\jbr\bin\verify.dll
0x00007ffbcd310000 - 0x00007ffbcd4f4000 	C:\WINDOWS\SYSTEM32\DBGHELP.DLL
0x00007ffbb8220000 - 0x00007ffbb824c000 	C:\WINDOWS\SYSTEM32\dbgcore.DLL
0x00007ffbd4600000 - 0x00007ffbd4680000 	C:\WINDOWS\System32\bcryptPrimitives.dll
0x00007ffbcb0d0000 - 0x00007ffbcb0f9000 	C:\Program Files\JetBrains\PyCharm Community Edition 2021.1.1\jbr\bin\java.dll
0x00007ffbd1540000 - 0x00007ffbd154b000 	C:\Program Files\JetBrains\PyCharm Community Edition 2021.1.1\jbr\bin\jimage.dll
0x00007ffbc5640000 - 0x00007ffbc5658000 	C:\Program Files\JetBrains\PyCharm Community Edition 2021.1.1\jbr\bin\zip.dll
0x00007ffbd1ce0000 - 0x00007ffbd1cf2000 	C:\WINDOWS\SYSTEM32\kernel.appcore.dll
0x00007ffbd1f00000 - 0x00007ffbd2690000 	C:\WINDOWS\SYSTEM32\windows.storage.dll
0x00007ffbd36c0000 - 0x00007ffbd36ec000 	C:\WINDOWS\SYSTEM32\Wldp.dll
0x00007ffbd5830000 - 0x00007ffbd5885000 	C:\WINDOWS\System32\shlwapi.dll
0x00007ffbd3d30000 - 0x00007ffbd3d4f000 	C:\WINDOWS\SYSTEM32\profapi.dll
0x00007ffbb28f0000 - 0x00007ffbb290a000 	C:\Program Files\JetBrains\PyCharm Community Edition 2021.1.1\jbr\bin\net.dll
0x00007ffbce340000 - 0x00007ffbce44b000 	C:\WINDOWS\SYSTEM32\WINHTTP.dll
0x00007ffbd34a0000 - 0x00007ffbd350a000 	C:\WINDOWS\system32\mswsock.dll
0x00007ffbb2630000 - 0x00007ffbb2644000 	C:\Program Files\JetBrains\PyCharm Community Edition 2021.1.1\jbr\bin\nio.dll

dbghelp: loaded successfully - version: 4.0.5 - missing functions: none
symbol engine: initialized successfully - sym options: 0x614 - pdb path: .;C:\Program Files\JetBrains\PyCharm Community Edition 2021.1.1\bin;C:\WINDOWS\SYSTEM32;C:\Program Files\JetBrains\PyCharm Community Edition 2021.1.1\jbr\bin\server;C:\Program Files\JetBrains\PyCharm Community Edition 2021.1.1\jbr\bin

VM Arguments:
jvm_args: exit -Xms128m -Xmx1013m -XX:ReservedCodeCacheSize=512m -XX:+UseG1GC -XX:SoftRefLRUPolicyMSPerMB=50 -XX:CICompilerCount=2 -XX:+HeapDumpOnOutOfMemoryError -XX:-OmitStackTraceInFastThrow -ea -Dsun.io.useCanonCaches=false -Djdk.http.auth.tunneling.disabledSchemes="" -Djdk.attach.allowAttachSelf=true -Djdk.module.illegalAccess.silent=true -Dkotlinx.coroutines.debug=off -Djb.vmOptionsFile=C:\Users\sonyj\AppData\Roaming\JetBrains\PyCharmCE2021.1\pycharm64.exe.vmoptions -Djava.library.path=C:\Program Files\JetBrains\PyCharm Community Edition 2021.1.1\jbr\\bin;C:\Program Files\JetBrains\PyCharm Community Edition 2021.1.1\jbr\\bin\server -Didea.platform.prefix=PyCharmCore -Dide.native.launcher=true -Didea.vendor.name=JetBrains -Didea.paths.selector=PyCharmCE2021.1 -XX:ErrorFile=C:\Users\sonyj\java_error_in_pycharm64_%p.log -XX:HeapDumpPath=C:\Users\sonyj\java_error_in_pycharm64.hprof 
java_command: <unknown>
java_class_path (initial): C:\Program Files\JetBrains\PyCharm Community Edition 2021.1.1\lib\bootstrap.jar;C:\Program Files\JetBrains\PyCharm Community Edition 2021.1.1\lib\util.jar;C:\Program Files\JetBrains\PyCharm Community Edition 2021.1.1\lib\jdom.jar;C:\Program Files\JetBrains\PyCharm Community Edition 2021.1.1\lib\log4j.jar;C:\Program Files\JetBrains\PyCharm Community Edition 2021.1.1\lib\jna.jar
Launcher Type: generic

[Global flags]
     intx CICompilerCount                          = 2                                         {product} {command line}
     uint ConcGCThreads                            = 1                                         {product} {ergonomic}
    ccstr ErrorFile                                = C:\Users\sonyj\java_error_in_pycharm64_%p.log            {product} {command line}
     uint G1ConcRefinementThreads                  = 4                                         {product} {ergonomic}
   size_t G1HeapRegionSize                         = 1048576                                   {product} {ergonomic}
    uintx GCDrainStackTargetSize                   = 64                                        {product} {ergonomic}
     bool HeapDumpOnOutOfMemoryError               = true                                   {manageable} {command line}
    ccstr HeapDumpPath                             = C:\Users\sonyj\java_error_in_pycharm64.hprof         {manageable} {command line}
   size_t InitialHeapSize                          = 134217728                                 {product} {command line}
   size_t MarkStackSize                            = 4194304                                   {product} {ergonomic}
   size_t MaxHeapSize                              = 1063256064                                {product} {command line, ergonomic}
   size_t MaxNewSize                               = 637534208                                 {product} {ergonomic}
   size_t MinHeapDeltaBytes                        = 1048576                                   {product} {ergonomic}
    uintx NonNMethodCodeHeapSize                   = 5825164                                {pd product} {ergonomic}
    uintx NonProfiledCodeHeapSize                  = 265522874                              {pd product} {ergonomic}
     bool OmitStackTraceInFastThrow                = false                                     {product} {command line}
    uintx ProfiledCodeHeapSize                     = 265522874                              {pd product} {ergonomic}
    uintx ReservedCodeCacheSize                    = 536870912                              {pd product} {command line}
     bool SegmentedCodeCache                       = true                                      {product} {ergonomic}
     intx SoftRefLRUPolicyMSPerMB                  = 50                                        {product} {command line}
     bool UseCompressedClassPointers               = true                                 {lp64_product} {ergonomic}
     bool UseCompressedOops                        = true                                 {lp64_product} {ergonomic}
     bool UseG1GC                                  = true                                      {product} {command line}
     bool UseLargePagesIndividualAllocation        = false                                  {pd product} {ergonomic}

Logging:
Log output configuration:
 #0: stdout all=warning uptime,level,tags
 #1: stderr all=off uptime,level,tags

Environment Variables:
PATH=C:\Program Files (x86)\Common Files\Oracle\Java\javapath;C:\Program Files (x86)\TRICENTIS\Tosca Testsuite\ToscaCommander;;C:\Program Files (x86)\TRICENTIS\Tosca Testsuite\Classic;C:\Program Files (x86)\TRICENTIS\Tosca Testsuite\Classic\dll;C:\Program Files (x86)\TRICENTIS\Tosca Testsuite\Classic\dll\GuptaEngine;C:\Program Files (x86)\TRICENTIS\Tosca Testsuite\ToscaCommander;C:\Program Files (x86)\TRICENTIS\Tosca Testsuite\Classic\dll\DelphiEngine;C:\Program Files (x86)\TRICENTIS\Tosca Testsuite\Classic\dll\PBEngine;C:\Program Files (x86)\TRICENTIS\Tosca Testsuite\Classic\dll\VBEngine;C:\Program Files (x86)\TRICENTIS\Tosca Testsuite\Classic\dll\DotNetHooking;;C:\WINDOWS\system32;C:\WINDOWS;C:\WINDOWS\System32\Wbem;C:\WINDOWS\System32\WindowsPowerShell\v1.0\;C:\WINDOWS\System32\OpenSSH\;C:\ProgramData\chocolatey\bin;C:\Program Files\Git\cmd;C:\Program Files\Docker\Docker\resources\bin;C:\ProgramData\DockerDesktop\version-bin;C:\Program Files (x86)\sbt\bin;C:\Program Files\nodejs\;C:\Users\sonyj\AppData\Local\Programs\Python\Python39\Scripts\;C:\Users\sonyj\AppData\Local\Programs\Python\Python39\;C:\Users\sonyj\AppData\Local\Microsoft\WindowsApps;C:\Users\sonyj\AppData\Roaming\npm;C:\Users\sonyj\softwares\chromedriver_win32;C:\Users\sonyj\softwares\firefoxdriver;;C:\Program Files\JetBrains\PyCharm Community Edition 2021.1.1\bin;
USERNAME=sonyj
OS=Windows_NT
PROCESSOR_IDENTIFIER=Intel64 Family 6 Model 142 Stepping 9, GenuineIntel



---------------  S Y S T E M  ---------------

OS: Windows 10 , 64 bit Build 19041 (10.0.19041.928)
OS uptime: 1 days 16:35 hours
Hyper-V role detected

CPU:total 4 (initial active 4) (2 cores per cpu, 2 threads per core) family 6 model 142 stepping 9 microcode 0xde, cmov, cx8, fxsr, mmx, sse, sse2, sse3, ssse3, sse4.1, sse4.2, popcnt, avx, avx2, aes, clmul, erms, rtm, 3dnowpref, lzcnt, ht, tsc, tscinvbit, bmi1, bmi2, adx, fma

Memory: 4k page, system-wide physical 8109M (3154M free)
TotalPageFile size 14509M (AvailPageFile size 8241M)
current process WorkingSet (physical memory assigned to process): 33M, peak: 33M
current process commit charge ("private bytes"): 194M, peak: 194M

vm_info: Dynamic Code Evolution 64-Bit Server VM (11.0.10+9-b1341.41) for windows-amd64 JRE (11.0.10+9-b1341.41), built on Apr 17 2021 07:18:15 by "" with MS VC++ 14.0 (VS2015)

END.
